0 info it worked if it ends with ok
1 verbose cli [ 'D:\\INSTALL\\nodejs\\node.exe',
1 verbose cli   'D:\\INSTALL\\nodejs\\node_modules\\npm\\bin\\npm-cli.js',
1 verbose cli   'run',
1 verbose cli   'build:jade' ]
2 info using npm@3.8.3
3 info using node@v4.4.1
4 verbose run-script [ 'prebuild:jade', 'build:jade', 'postbuild:jade' ]
5 info lifecycle ts-react-starter-kit@1.0.0~prebuild:jade: ts-react-starter-kit@1.0.0
6 silly lifecycle ts-react-starter-kit@1.0.0~prebuild:jade: no script for prebuild:jade, continuing
7 info lifecycle ts-react-starter-kit@1.0.0~build:jade: ts-react-starter-kit@1.0.0
8 verbose lifecycle ts-react-starter-kit@1.0.0~build:jade: unsafe-perm in lifecycle true
9 verbose lifecycle ts-react-starter-kit@1.0.0~build:jade: PATH: D:\INSTALL\nodejs\node_modules\npm\bin\node-gyp-bin;D:\TONY\GithubProject\react-lab\calculator\node_modules\.bin;D:\INSTALL\nodejs;C:\ProgramData\Oracle\Java\javapath;C:\Program Files (x86)\Intel\iCLS Client\;C:\Program Files\Intel\iCLS Client\;C:\Windows\system32;C:\Windows;C:\Windows\System32\Wbem;C:\Windows\System32\WindowsPowerShell\v1.0\;C:\Program Files (x86)\Windows Live\Shared;C:\Program Files\Intel\WiFi\bin\;C:\Program Files\Common Files\Intel\WirelessCommon\;C:\Program Files\Intel\Intel(R) Management Engine Components\DAL;C:\Program Files\Intel\Intel(R) Management Engine Components\IPT;C:\Program Files (x86)\Intel\Intel(R) Management Engine Components\DAL;C:\Program Files (x86)\Intel\Intel(R) Management Engine Components\IPT;D:\INSTALL\Python27;D:\TONY\variable;D:\INSTALL\Python27\Scripts;D:\INSTALL\kivy\kivy\kivy;C:\Program Files (x86)\MySQL\MySQL Fabric 1.5.3 & MySQL Utilities 1.5.3 1.5\;C:\Program Files (x86)\MySQL\MySQL Fabric 1.5.3 & MySQL Utilities 1.5.3 1.5\Doctrine extensions for PHP\;D:\INSTALL\TortoiseGit\bin;C:\Program Files (x86)\NVIDIA Corporation\PhysX\Common;C:\Program Files (x86)\Skype\Phone\;D:\INSTALL\nodejs\;C:\Program Files\Microsoft SQL Server\110\Tools\Binn\;C:\Program Files (x86)\Microsoft SDKs\TypeScript\1.0\;C:\Program Files\Microsoft SQL Server\120\Tools\Binn\;C:\Program Files (x86)\Windows Kits\8.1\Windows Performance Toolkit\;D:\INSTALL\GAE\;D:\INSTALL\nodejs;C:\Users\東霖\AppData\Roaming\npm;D:\INSTALL\Java\bin;D:\INSTALL\Ruby23-x64\bin
10 verbose lifecycle ts-react-starter-kit@1.0.0~build:jade: CWD: D:\TONY\GithubProject\react-lab\calculator
11 silly lifecycle ts-react-starter-kit@1.0.0~build:jade: Args: [ '/d /s /c', 'jade index.jade' ]
12 silly lifecycle ts-react-starter-kit@1.0.0~build:jade: Returned: code: 1  signal: null
13 info lifecycle ts-react-starter-kit@1.0.0~build:jade: Failed to exec build:jade script
14 verbose stack Error: ts-react-starter-kit@1.0.0 build:jade: `jade index.jade`
14 verbose stack Exit status 1
14 verbose stack     at EventEmitter.<anonymous> (D:\INSTALL\nodejs\node_modules\npm\lib\utils\lifecycle.js:239:16)
14 verbose stack     at emitTwo (events.js:87:13)
14 verbose stack     at EventEmitter.emit (events.js:172:7)
14 verbose stack     at ChildProcess.<anonymous> (D:\INSTALL\nodejs\node_modules\npm\lib\utils\spawn.js:24:14)
14 verbose stack     at emitTwo (events.js:87:13)
14 verbose stack     at ChildProcess.emit (events.js:172:7)
14 verbose stack     at maybeClose (internal/child_process.js:827:16)
14 verbose stack     at Process.ChildProcess._handle.onexit (internal/child_process.js:211:5)
15 verbose pkgid ts-react-starter-kit@1.0.0
16 verbose cwd D:\TONY\GithubProject\react-lab\calculator
17 error Windows_NT 6.3.9600
18 error argv "D:\\INSTALL\\nodejs\\node.exe" "D:\\INSTALL\\nodejs\\node_modules\\npm\\bin\\npm-cli.js" "run" "build:jade"
19 error node v4.4.1
20 error npm  v3.8.3
21 error code ELIFECYCLE
22 error ts-react-starter-kit@1.0.0 build:jade: `jade index.jade`
22 error Exit status 1
23 error Failed at the ts-react-starter-kit@1.0.0 build:jade script 'jade index.jade'.
23 error Make sure you have the latest version of node.js and npm installed.
23 error If you do, this is most likely a problem with the ts-react-starter-kit package,
23 error not with npm itself.
23 error Tell the author that this fails on your system:
23 error     jade index.jade
23 error You can get information on how to open an issue for this project with:
23 error     npm bugs ts-react-starter-kit
23 error Or if that isn't available, you can get their info via:
23 error     npm owner ls ts-react-starter-kit
23 error There is likely additional logging output above.
24 verbose exit [ 1, true ]
